2022-11-21 16:11:20 INFO [App] - Start import sam.
2022-11-21 16:11:20 INFO [App] - 
+------------------+----------------------------------------------------+
|       NAME       |                        DATA                        |
+------------------+----------------------------------------------------+
| DB.CLASS         | oracle.jdbc.driver.OracleDriver                    |
+------------------+----------------------------------------------------+
| DB.PASSWORD      | xvarm                                              |
+------------------+----------------------------------------------------+
| DB.QUERY         | INSERT INTO IMSI(ELEMENTID, VOLUMEID, FILEKEY, ... |
+------------------+----------------------------------------------------+
| DB.TIMEOUT       | 100                                                |
+------------------+----------------------------------------------------+
| DB.URL           | jdbc:oracle:thin:@localhost:1522:orcl              |
+------------------+----------------------------------------------------+
| DB.USER          | XVARM                                              |
+------------------+----------------------------------------------------+
| INPUT.DELIMITER  | ^                                                  |
+------------------+----------------------------------------------------+
| INPUT.PATH       | C:/eclipse/workspace/COM_SimpleExportSam_202211... |
+------------------+----------------------------------------------------+
| SLEEP            | 60                                                 |
+------------------+----------------------------------------------------+


2022-11-21 16:11:20 INFO [com.batch.module.SimpleImportSam] - Find directory where sam files are located
